0701_09:44:44 Not Found: /
0701_10:15:28 Not Found: /
0701_10:23:39 Not Found: /
0701_10:26:35 Not Found: /
0701_10:30:30 Not Found: /
0701_10:38:51 Not Found: /
0701_10:39:48 Not Found: /
0701_10:40:41 Not Found: /
0701_10:41:34 Not Found: /
0702_20:49:55 Not Found: /
0702_20:57:11 Not Found: /
0702_21:28:34 Not Found: /
0702_21:29:23 Not Found: /
0702_21:42:06 Not Found: /
0702_21:49:32 Not Found: /
0702_21:56:01 Not Found: /
0702_21:57:44 Not Found: /
0810_21:46:03 Internal Server Error: /apijson/mgr/sq_mgr/
Traceback (most recent call last):
  File "D:\tools\Python36\lib\site-packages\django\core\handlers\exception.py", line 35, in inner
    response = get_response(request)
  File "D:\tools\Python36\lib\site-packages\django\core\handlers\base.py", line 128, in _get_response
    response = self.process_exception_by_middleware(e, request)
  File "D:\tools\Python36\lib\site-packages\django\core\handlers\base.py", line 126, in _get_response
    response = wrapped_callback(request, *callback_args, **callback_kwargs)
  File "d:\projects\sonqqin\restapi-teach\backend\apps\mgr\urls.py", line 49, in CheckUserIsAdminForApiCaller
    ret = realCall(request,*args,**kwargs)
  File "d:\projects\sonqqin\restapi-teach\backend\lib\common.py", line 35, in dispatch
    param_dict = json.loads(request.body)
  File "D:\tools\Python36\lib\site-packages\django\http\request.py", line 255, in body
    raise RawPostDataException("You cannot access body after reading from request's data stream")
django.http.request.RawPostDataException: You cannot access body after reading from request's data stream
0810_21:47:16 Internal Server Error: /apijson/mgr/sq_mgr/
Traceback (most recent call last):
  File "D:\tools\Python36\lib\site-packages\django\core\handlers\exception.py", line 35, in inner
    response = get_response(request)
  File "D:\tools\Python36\lib\site-packages\django\core\handlers\base.py", line 128, in _get_response
    response = self.process_exception_by_middleware(e, request)
  File "D:\tools\Python36\lib\site-packages\django\core\handlers\base.py", line 126, in _get_response
    response = wrapped_callback(request, *callback_args, **callback_kwargs)
  File "d:\projects\sonqqin\restapi-teach\backend\apps\mgr\urls.py", line 49, in CheckUserIsAdminForApiCaller
    ret = realCall(request,*args,**kwargs)
  File "d:\projects\sonqqin\restapi-teach\backend\lib\common.py", line 35, in dispatch
    param_dict = json.loads(request.body)
  File "D:\tools\Python36\lib\json\__init__.py", line 354, in loads
    return _default_decoder.decode(s)
  File "D:\tools\Python36\lib\json\decoder.py", line 339, in decode
    obj, end = self.raw_decode(s, idx=_w(s, 0).end())
  File "D:\tools\Python36\lib\json\decoder.py", line 357, in raw_decode
    raise JSONDecodeError("Expecting value", s, err.value) from None
json.decoder.JSONDecodeError: Expecting value: line 1 column 1 (char 0)
0813_18:14:21 Not Found: /
0813_19:07:38 Not Found: /
0813_19:07:57 Not Found: /
0813_21:32:14 Not Found: /
0815_21:49:45 Internal Server Error: /apijson/mgr/sq_mgr/
Traceback (most recent call last):
  File "D:\tools\Python36\lib\site-packages\django\core\handlers\exception.py", line 35, in inner
    response = get_response(request)
  File "D:\tools\Python36\lib\site-packages\django\core\handlers\base.py", line 128, in _get_response
    response = self.process_exception_by_middleware(e, request)
  File "D:\tools\Python36\lib\site-packages\django\core\handlers\base.py", line 126, in _get_response
    response = wrapped_callback(request, *callback_args, **callback_kwargs)
  File "d:\projects\sonqqin\restapi-teach\backend\apps\mgr\urls.py", line 49, in CheckUserIsAdminForApiCaller
    ret = realCall(request,*args,**kwargs)
  File "d:\projects\sonqqin\restapi-teach\backend\lib\common.py", line 35, in dispatch
    param_dict = json.loads(request.body)
  File "D:\tools\Python36\lib\json\__init__.py", line 354, in loads
    return _default_decoder.decode(s)
  File "D:\tools\Python36\lib\json\decoder.py", line 339, in decode
    obj, end = self.raw_decode(s, idx=_w(s, 0).end())
  File "D:\tools\Python36\lib\json\decoder.py", line 357, in raw_decode
    raise JSONDecodeError("Expecting value", s, err.value) from None
json.decoder.JSONDecodeError: Expecting value: line 2 column 1 (char 1)
0815_21:50:48 Internal Server Error: /apijson/mgr/sq_mgr/
Traceback (most recent call last):
  File "D:\tools\Python36\lib\site-packages\django\core\handlers\exception.py", line 35, in inner
    response = get_response(request)
  File "D:\tools\Python36\lib\site-packages\django\core\handlers\base.py", line 128, in _get_response
    response = self.process_exception_by_middleware(e, request)
  File "D:\tools\Python36\lib\site-packages\django\core\handlers\base.py", line 126, in _get_response
    response = wrapped_callback(request, *callback_args, **callback_kwargs)
  File "d:\projects\sonqqin\restapi-teach\backend\apps\mgr\urls.py", line 49, in CheckUserIsAdminForApiCaller
    ret = realCall(request,*args,**kwargs)
  File "d:\projects\sonqqin\restapi-teach\backend\lib\common.py", line 35, in dispatch
    param_dict = json.loads(request.body)
  File "D:\tools\Python36\lib\json\__init__.py", line 354, in loads
    return _default_decoder.decode(s)
  File "D:\tools\Python36\lib\json\decoder.py", line 339, in decode
    obj, end = self.raw_decode(s, idx=_w(s, 0).end())
  File "D:\tools\Python36\lib\json\decoder.py", line 357, in raw_decode
    raise JSONDecodeError("Expecting value", s, err.value) from None
json.decoder.JSONDecodeError: Expecting value: line 2 column 1 (char 1)
0815_21:53:16 Internal Server Error: /apijson/mgr/sq_mgr/
Traceback (most recent call last):
  File "D:\tools\Python36\lib\site-packages\django\core\handlers\exception.py", line 35, in inner
    response = get_response(request)
  File "D:\tools\Python36\lib\site-packages\django\core\handlers\base.py", line 128, in _get_response
    response = self.process_exception_by_middleware(e, request)
  File "D:\tools\Python36\lib\site-packages\django\core\handlers\base.py", line 126, in _get_response
    response = wrapped_callback(request, *callback_args, **callback_kwargs)
  File "d:\projects\sonqqin\restapi-teach\backend\apps\mgr\urls.py", line 49, in CheckUserIsAdminForApiCaller
    ret = realCall(request,*args,**kwargs)
  File "d:\projects\sonqqin\restapi-teach\backend\lib\common.py", line 35, in dispatch
    param_dict = json.loads(request.body)
  File "D:\tools\Python36\lib\json\__init__.py", line 354, in loads
    return _default_decoder.decode(s)
  File "D:\tools\Python36\lib\json\decoder.py", line 339, in decode
    obj, end = self.raw_decode(s, idx=_w(s, 0).end())
  File "D:\tools\Python36\lib\json\decoder.py", line 357, in raw_decode
    raise JSONDecodeError("Expecting value", s, err.value) from None
json.decoder.JSONDecodeError: Expecting value: line 1 column 1 (char 0)
0225_14:43:15 Internal Server Error: /api/mgr/sq_mgr/
Traceback (most recent call last):
  File "C:\Users\Shone\AppData\Local\Programs\Python\Python36\lib\site-packages\django\core\handlers\exception.py", line 35, in inner
    response = get_response(request)
  File "C:\Users\Shone\AppData\Local\Programs\Python\Python36\lib\site-packages\django\core\handlers\base.py", line 128, in _get_response
    response = self.process_exception_by_middleware(e, request)
  File "C:\Users\Shone\AppData\Local\Programs\Python\Python36\lib\site-packages\django\core\handlers\base.py", line 126, in _get_response
    response = wrapped_callback(request, *callback_args, **callback_kwargs)
  File "C:\Tools\restapi-teach\backend\apps\mgr\urls.py", line 49, in CheckUserIsAdminForApiCaller
    ret = realCall(request,*args,**kwargs)
  File "C:\Tools\restapi-teach\backend\lib\common.py", line 62, in dispatch
    return handler(request, *args, **kwargs)
  File "C:\Tools\restapi-teach\backend\apps\mgr\handlers\mgr.py", line 153, in handle_add_course
    data = json.loads(request.param_dict['data'])
  File "C:\Users\Shone\AppData\Local\Programs\Python\Python36\lib\json\__init__.py", line 354, in loads
    return _default_decoder.decode(s)
  File "C:\Users\Shone\AppData\Local\Programs\Python\Python36\lib\json\decoder.py", line 339, in decode
    obj, end = self.raw_decode(s, idx=_w(s, 0).end())
  File "C:\Users\Shone\AppData\Local\Programs\Python\Python36\lib\json\decoder.py", line 357, in raw_decode
    raise JSONDecodeError("Expecting value", s, err.value) from None
json.decoder.JSONDecodeError: Expecting value: line 1 column 1 (char 0)
0413_10:43:43 Not Found: /api/mgr/signin
0424_20:27:41 Not Found: /
0616_11:31:25 Not Found: /
0619_20:26:24 Not Found: /
0619_20:29:52 Not Found: /
0619_20:45:36 Not Found: /
0621_09:54:45 Not Found: /
0621_09:55:08 Not Found: /
0621_09:57:00 Not Found: /
0621_09:57:22 Not Found: /
0621_09:58:11 Not Found: /
0621_09:58:34 Not Found: /
0621_10:01:50 Not Found: /
0621_10:05:09 Not Found: /
0621_10:06:23 Not Found: /
0621_10:20:39 Not Found: /
0621_10:22:57 Not Found: /
0621_10:24:28 Not Found: /
0715_20:17:02 Not Found: /
0715_20:17:22 Not Found: /
0715_20:28:10 Not Found: /
0715_20:33:44 Not Found: /
0715_20:40:50 Not Found: /
0715_20:41:19 Not Found: /
0715_20:46:37 Not Found: /
0715_20:48:13 Not Found: /
0715_20:52:51 Not Found: /
0715_20:55:07 Not Found: /
0715_20:56:27 Not Found: /
0715_21:03:51 Not Found: /
0717_20:26:01 Not Found: /
0717_20:44:28 Not Found: /
0717_20:46:36 Not Found: /
0717_20:54:25 Not Found: /
0717_20:54:32 Not Found: /
0717_20:54:57 Not Found: /
0717_20:55:20 Not Found: /
0717_20:57:10 Not Found: /
0717_21:01:53 Not Found: /
0717_21:04:29 Not Found: /
0717_21:24:07 Not Found: /
0809_09:06:36 Not Found: /
1203_20:17:52 Not Found: /
1203_20:27:26 Not Found: /
1203_20:38:13 Not Found: /
1203_20:42:14 Not Found: /
1205_20:25:10 Not Found: /
1205_20:25:47 Not Found: /
1205_20:28:11 Not Found: /
1205_20:43:27 Not Found: /
1205_20:48:33 Not Found: /
1205_20:53:20 Not Found: /
1205_21:07:31 Not Found: /
1205_21:08:42 Not Found: /
1016_18:24:21 Not Found: /
1016_18:24:33 Not Found: /mgr/login
