2021-11-09 21:52:55.907 | INFO     | httprunner.runner:test_start:450 - Start to run testcase: case004, TestCase ID: 25787902-70e5-4a9a-9ed6-ed5f3c6e2d00
2021-11-09 21:52:55.909 | INFO     | httprunner.runner:__run_step:292 - run step begin: step_name >>>>>>
2021-11-09 21:52:59.931 | WARNING  | httprunner.client:request:188 - failed to get client address info: 'NoneType' object has no attribute 'connection'
2021-11-09 21:52:59.931 | WARNING  | httprunner.client:request:196 - failed to get server address info: 'NoneType' object has no attribute 'connection'
2021-11-09 21:52:59.932 | DEBUG    | httprunner.client:log_print:40 - 
================== request details ==================
method   : GET
url      : http://localhost/demo/path
headers  : {}
cookies  : {}
body     : None

2021-11-09 21:52:59.937 | DEBUG    | httprunner.client:log_print:40 - 
================== response details ==================
status_code : 0
headers  : {}
cookies  : {}
encoding : None
content_type : 
body     : 

2021-11-09 21:52:59.937 | ERROR    | httprunner.client:request:215 - HTTPConnectionPool(host='localhost', port=80): Max retries exceeded with url: /demo/path (Caused by NewConnectionError('<urllib3.connection.HTTPConnection object at 0x00000201DDE89520>: Failed to establish a new connection: [WinError 10061] 由于目标计算机积极拒绝，无法连接。'))
2021-11-09 21:52:59.938 | INFO     | httprunner.runner:__run_step:304 - run step end: step_name <<<<<<

