2021-11-11 21:55:04.123 | INFO     | httprunner.runner:test_start:450 - Start to run testcase: abc, TestCase ID: b5bee95c-30a4-4121-91f9-11568799c00f
2021-11-11 21:55:04.124 | INFO     | httprunner.runner:__run_step:292 - run step begin: step_name >>>>>>
2021-11-11 21:55:08.139 | WARNING  | httprunner.client:request:188 - failed to get client address info: 'NoneType' object has no attribute 'connection'
2021-11-11 21:55:08.140 | WARNING  | httprunner.client:request:196 - failed to get server address info: 'NoneType' object has no attribute 'connection'
2021-11-11 21:55:08.140 | DEBUG    | httprunner.client:log_print:40 - 
================== request details ==================
method   : GET
url      : http://localhost/demo/path
headers  : {}
cookies  : {}
body     : None

2021-11-11 21:55:08.141 | DEBUG    | httprunner.client:log_print:40 - 
================== response details ==================
status_code : 0
headers  : {}
cookies  : {}
encoding : None
content_type : 
body     : 

2021-11-11 21:55:08.141 | ERROR    | httprunner.client:request:215 - HTTPConnectionPool(host='localhost', port=80): Max retries exceeded with url: /demo/path (Caused by NewConnectionError('<urllib3.connection.HTTPConnection object at 0x000001DC6DB60A90>: Failed to establish a new connection: [WinError 10061] 由于目标计算机积极拒绝，无法连接。'))
2021-11-11 21:55:08.142 | INFO     | httprunner.runner:__run_step:304 - run step end: step_name <<<<<<

