2021-11-10 16:54:33.138 | INFO     | httprunner.runner:test_start:450 - Start to run testcase: case004, TestCase ID: d01fc0fc-0d37-49a3-8434-dc6a2bc15ff2
2021-11-10 16:54:33.156 | INFO     | httprunner.runner:__run_step:292 - run step begin: step_name >>>>>>
2021-11-10 16:54:37.177 | WARNING  | httprunner.client:request:188 - failed to get client address info: 'NoneType' object has no attribute 'connection'
2021-11-10 16:54:37.187 | WARNING  | httprunner.client:request:196 - failed to get server address info: 'NoneType' object has no attribute 'connection'
2021-11-10 16:54:37.189 | DEBUG    | httprunner.client:log_print:40 - 
================== request details ==================
method   : GET
url      : http://localhost/demo/path
headers  : {}
cookies  : {}
body     : None

2021-11-10 16:54:37.191 | DEBUG    | httprunner.client:log_print:40 - 
================== response details ==================
status_code : 0
headers  : {}
cookies  : {}
encoding : None
content_type : 
body     : 

2021-11-10 16:54:37.192 | ERROR    | httprunner.client:request:215 - HTTPConnectionPool(host='localhost', port=80): Max retries exceeded with url: /demo/path (Caused by NewConnectionError('<urllib3.connection.HTTPConnection object at 0x000001B30260B280>: Failed to establish a new connection: [WinError 10061] 由于目标计算机积极拒绝，无法连接。'))
2021-11-10 16:54:37.253 | INFO     | httprunner.runner:__run_step:304 - run step end: step_name <<<<<<

