2021-11-11 21:23:24.248 | INFO     | httprunner.runner:test_start:450 - Start to run testcase: case004, TestCase ID: e7ab3ac8-f47e-405a-88df-ccd340010ff6
2021-11-11 21:23:24.272 | INFO     | httprunner.runner:__run_step:292 - run step begin: step_name >>>>>>
2021-11-11 21:23:28.293 | WARNING  | httprunner.client:request:188 - failed to get client address info: 'NoneType' object has no attribute 'connection'
2021-11-11 21:23:28.307 | WARNING  | httprunner.client:request:196 - failed to get server address info: 'NoneType' object has no attribute 'connection'
2021-11-11 21:23:28.308 | DEBUG    | httprunner.client:log_print:40 - 
================== request details ==================
method   : GET
url      : http://localhost/demo/path
headers  : {}
cookies  : {}
body     : None

2021-11-11 21:23:28.309 | DEBUG    | httprunner.client:log_print:40 - 
================== response details ==================
status_code : 0
headers  : {}
cookies  : {}
encoding : None
content_type : 
body     : 

2021-11-11 21:23:28.310 | ERROR    | httprunner.client:request:215 - HTTPConnectionPool(host='localhost', port=80): Max retries exceeded with url: /demo/path (Caused by NewConnectionError('<urllib3.connection.HTTPConnection object at 0x000002110A62D430>: Failed to establish a new connection: [WinError 10061] 由于目标计算机积极拒绝，无法连接。'))
2021-11-11 21:23:28.359 | INFO     | httprunner.runner:__run_step:304 - run step end: step_name <<<<<<

